<?xml version="1.0" encoding="UTF-8" ?>
<testsuites>
  <testsuite errors="0" failures="0" hostname="SI-PC16" id="0" name="RaceControllerTests" package="racetrack" tests="1" time="1.59" timestamp="2013-07-12T08:54:30">
      <properties />

      <testcase classname="racetrack.RaceControllerTests" name="testRaceControllerTests" time="1.382" />

      <system-out><![CDATA[--Output from testRaceControllerTests--
]]></system-out>

      <system-err><![CDATA[--Output from testRaceControllerTests--
]]></system-err>

  </testsuite>
  <testsuite errors="0" failures="0" hostname="SI-PC16" id="1" name="RaceTests" package="racetrack" tests="1" time="0.886" timestamp="2013-07-12T08:54:31">
      <properties />

      <testcase classname="racetrack.RaceTests" name="testInMiles" time="0.802" />

      <system-out><![CDATA[--Output from testInMiles--
]]></system-out>

      <system-err><![CDATA[--Output from testInMiles--
]]></system-err>

  </testsuite>
  <testsuite errors="0" failures="0" hostname="SI-PC16" id="2" name="RegistrationTests" package="racetrack" tests="1" time="0.11" timestamp="2013-07-12T08:54:32">
      <properties />

      <testcase classname="racetrack.RegistrationTests" name="testRegistrationTests" time="0.107" />

      <system-out><![CDATA[--Output from testRegistrationTests--
]]></system-out>

      <system-err><![CDATA[--Output from testRegistrationTests--
]]></system-err>

  </testsuite>
</testsuites>
